2020-03-17 11:20:19.895 [main] INFO  com.application.HtpmApplication - Starting HtpmApplication on L2347788 with PID 20596 (started by speng in C:\Users\Public\Data Acquisition)
2020-03-17 11:20:19.895 [main] INFO  com.application.HtpmApplication - No active profile set, falling back to default profiles: default
2020-03-17 11:20:20.018 [background-preinit] INFO  org.hibernate.validator.internal.util.Version - HV000001: Hibernate Validator 5.3.5.Final
2020-03-17 11:20:20.047 [main] INFO  o.s.b.c.e.AnnotationConfigEmbeddedWebApplicationContext - Refreshing org.springframework.boot.context.embedded.AnnotationConfigEmbeddedWebApplicationContext@5bd03f44: startup date [Tue Mar 17 11:20:20 CST 2020]; root of context hierarchy
2020-03-17 11:20:22.600 [main] INFO  o.s.b.factory.support.DefaultListableBeanFactory - Overriding bean definition for bean 'corsFilter' with a different definition: replacing [Generic bean: class [com.application.CorsFilter]; scope=singleton; abstract=false; lazyInit=false; autowireMode=0; dependencyCheck=0; autowireCandidate=true; primary=false; factoryBeanName=null; factoryMethodName=null; initMethodName=null; destroyMethodName=null; defined in file [C:\Users\Public\Data Acquisition\BS\target\classes\com\application\CorsFilter.class]] with [Root bean: class [null]; scope=; abstract=false; lazyInit=false; autowireMode=3; dependencyCheck=0; autowireCandidate=true; primary=false; factoryBeanName=corsConfig; factoryMethodName=corsFilter; initMethodName=null; destroyMethodName=(inferred); defined in class path resource [com/application/CorsConfig.class]]
2020-03-17 11:20:22.631 [main] WARN  org.mybatis.spring.mapper.ClassPathMapperScanner - No MyBatis mapper was found in '[com.*.mapper]' package. Please check your configuration.
2020-03-17 11:20:22.689 [main] WARN  org.mybatis.spring.mapper.ClassPathMapperScanner - No MyBatis mapper was found in '[com.application]' package. Please check your configuration.
2020-03-17 11:20:22.711 [main] INFO  o.s.d.r.config.RepositoryConfigurationDelegate - Multiple Spring Data modules found, entering strict repository configuration mode!
2020-03-17 11:20:22.793 [main] WARN  org.mybatis.spring.mapper.ClassPathMapperScanner - No MyBatis mapper was found in '[com.**.mapper.mybatis]' package. Please check your configuration.
2020-03-17 11:20:22.793 [main] WARN  o.s.c.annotation.ConfigurationClassPostProcessor - Cannot enhance @Configuration bean definition 'myBatisMapperScannerConfig' since its singleton instance has been created too early. The typical cause is a non-static @Bean method with a BeanDefinitionRegistryPostProcessor return type: Consider declaring such methods as 'static'.
2020-03-17 11:20:22.922 [main] INFO  o.s.c.s.PostProcessorRegistrationDelegate$BeanPostProcessorChecker - Bean 'taskExecutorConfig' of type [com.application.TaskExecutorConfig$$EnhancerBySpringCGLIB$$91165cfc] is not eligible for getting processed by all BeanPostProcessors (for example: not eligible for auto-proxying)
2020-03-17 11:20:22.924 [main] INFO  o.s.scheduling.concurrent.ThreadPoolTaskExecutor - Initializing ExecutorService 
2020-03-17 11:20:23.382 [main] INFO  o.s.b.c.e.tomcat.TomcatEmbeddedServletContainer - Tomcat initialized with port(s): 8080 (http)
2020-03-17 11:20:23.390 [main] INFO  org.apache.catalina.core.StandardService - Starting service [Tomcat]
2020-03-17 11:20:23.390 [main] INFO  org.apache.catalina.core.StandardEngine - Starting Servlet Engine: Apache Tomcat/8.5.23
2020-03-17 11:20:23.461 [localhost-startStop-1] INFO  o.a.c.core.ContainerBase.[Tomcat].[localhost].[/] - Initializing Spring embedded WebApplicationContext
2020-03-17 11:20:23.461 [localhost-startStop-1] INFO  org.springframework.web.context.ContextLoader - Root WebApplicationContext: initialization completed in 3414 ms
2020-03-17 11:20:23.552 [localhost-startStop-1] INFO  o.s.boot.web.servlet.ServletRegistrationBean - Mapping servlet: 'dispatcherServlet' to [/]
2020-03-17 11:20:23.563 [localhost-startStop-1] INFO  o.s.boot.web.servlet.FilterRegistrationBean - Mapping filter: 'characterEncodingFilter' to: [/*]
2020-03-17 11:20:23.563 [localhost-startStop-1] INFO  o.s.boot.web.servlet.FilterRegistrationBean - Mapping filter: 'hiddenHttpMethodFilter' to: [/*]
2020-03-17 11:20:23.563 [localhost-startStop-1] INFO  o.s.boot.web.servlet.FilterRegistrationBean - Mapping filter: 'httpPutFormContentFilter' to: [/*]
2020-03-17 11:20:23.563 [localhost-startStop-1] INFO  o.s.boot.web.servlet.FilterRegistrationBean - Mapping filter: 'requestContextFilter' to: [/*]
2020-03-17 11:20:23.563 [localhost-startStop-1] INFO  o.s.boot.web.servlet.FilterRegistrationBean - Mapping filter: 'corsFilter' to: [/*]
2020-03-17 11:20:24.394 [main] WARN  o.s.b.f.a.AutowiredAnnotationBeanPostProcessor - Autowired annotation is not supported on static fields: private static java.lang.String com.project.service.ShipmentService.URL
2020-03-17 11:20:24.394 [main] WARN  o.s.b.f.a.AutowiredAnnotationBeanPostProcessor - Autowired annotation is not supported on static fields: private static java.lang.String com.project.service.ShipmentService.USER_NAME
2020-03-17 11:20:24.763 [main] INFO  o.s.w.s.m.m.a.RequestMappingHandlerAdapter - Looking for @ControllerAdvice: org.springframework.boot.context.embedded.AnnotationConfigEmbeddedWebApplicationContext@5bd03f44: startup date [Tue Mar 17 11:20:20 CST 2020]; root of context hierarchy
2020-03-17 11:20:24.763 [main] INFO  o.s.w.s.m.m.a.RequestMappingHandlerAdapter - Detected ResponseBodyAdvice bean in fastJsonpResponseBodyAdvice
2020-03-17 11:20:24.794 [main] INFO  o.s.w.s.m.m.a.RequestMappingHandlerMapping - Mapped "{[/CastingConsumption/Usage],methods=[GET]}" onto public com.response.ResponseResult com.casting.controller.CastingConsumptionController.getUsage()
2020-03-17 11:20:24.794 [main] INFO  o.s.w.s.m.m.a.RequestMappingHandlerMapping - Mapped "{[/CastingConsumption/Consumption],methods=[GET]}" onto public com.response.ResponseResult com.casting.controller.CastingConsumptionController.getConsumption(java.lang.String)
2020-03-17 11:20:24.794 [main] INFO  o.s.w.s.m.m.a.RequestMappingHandlerMapping - Mapped "{[/CastingConsumption/delete],methods=[POST]}" onto public com.response.ResponseResult com.core.controller.GenericController.delete(java.lang.String) throws java.lang.Exception
2020-03-17 11:20:24.810 [main] INFO  o.s.w.s.m.m.a.RequestMappingHandlerMapping - Mapped "{[/CPCGeneralOEEData/getdowntimeweek],methods=[GET]}" onto public com.response.ResponseResult com.casting.controller.CastingCPCGeneralOEEDataController.getDownTimeWeek(java.lang.Integer,java.lang.Integer,java.lang.String)
2020-03-17 11:20:24.810 [main] INFO  o.s.w.s.m.m.a.RequestMappingHandlerMapping - Mapped "{[/CPCGeneralOEEData/getOeeByShift]}" onto public com.response.ResponseResult com.casting.controller.CastingCPCGeneralOEEDataController.getOeeByShift(java.lang.String) throws java.lang.Exception
2020-03-17 11:20:24.810 [main] INFO  o.s.w.s.m.m.a.RequestMappingHandlerMapping - Mapped "{[/CPCGeneralOEEData/getweekoeetarget],methods=[GET]}" onto public com.response.ResponseResult com.casting.controller.CastingCPCGeneralOEEDataController.getWeekOeeTarget(java.lang.Integer,java.lang.Integer,java.lang.String) throws java.lang.Exception
2020-03-17 11:20:24.810 [main] INFO  o.s.w.s.m.m.a.RequestMappingHandlerMapping - Mapped "{[/CPCGeneralOEEData/getweekoee],methods=[GET]}" onto public com.response.ResponseResult com.casting.controller.CastingCPCGeneralOEEDataController.getWeekOee(java.lang.Integer,java.lang.Integer,java.lang.String) throws java.lang.Exception
2020-03-17 11:20:24.810 [main] INFO  o.s.w.s.m.m.a.RequestMappingHandlerMapping - Mapped "{[/CPCGeneralOEEData/getdowntime],methods=[GET]}" onto public com.response.ResponseResult com.casting.controller.CastingCPCGeneralOEEDataController.getDownTime(java.lang.String,java.lang.Integer,java.lang.Integer,java.lang.String)
2020-03-17 11:20:24.810 [main] INFO  o.s.w.s.m.m.a.RequestMappingHandlerMapping - Mapped "{[/CPCGeneralOEEData/getoee],methods=[GET]}" onto public com.response.ResponseResult com.casting.controller.CastingCPCGeneralOEEDataController.getOeeAll(java.lang.String,java.lang.Integer,java.lang.Integer,java.lang.String) throws java.lang.Exception
2020-03-17 11:20:24.810 [main] INFO  o.s.w.s.m.m.a.RequestMappingHandlerMapping - Mapped "{[/CPCGeneralOEEData/generalformpost],methods=[POST]}" onto public com.response.ResponseResult com.casting.controller.CastingCPCGeneralOEEDataController.generalformPost(java.lang.String,com.casting.domain.model.input.CastingCPCGeneralOEEDataInput,java.lang.String)
2020-03-17 11:20:24.810 [main] INFO  o.s.w.s.m.m.a.RequestMappingHandlerMapping - Mapped "{[/CPCGeneralOEEData/generalpagerlist],methods=[GET]}" onto public com.response.ResponseResult com.casting.controller.CastingCPCGeneralOEEDataController.generalpagerList(javax.servlet.http.HttpServletRequest,java.lang.String)
2020-03-17 11:20:24.810 [main] INFO  o.s.w.s.m.m.a.RequestMappingHandlerMapping - Mapped "{[/CPCGeneralOEEData/generaldelete],methods=[POST]}" onto public com.response.ResponseResult com.casting.controller.CastingCPCGeneralOEEDataController.generaldelete(java.lang.String,java.lang.String)
2020-03-17 11:20:24.810 [main] INFO  o.s.w.s.m.m.a.RequestMappingHandlerMapping - Mapped "{[/CPCGeneralOEEData/generalget],methods=[GET]}" onto public com.response.ResponseResult com.casting.controller.CastingCPCGeneralOEEDataController.generalget(java.lang.Integer,java.lang.String)
2020-03-17 11:20:24.810 [main] INFO  o.s.w.s.m.m.a.RequestMappingHandlerMapping - Mapped "{[/CPCGeneralOEEData/getqt],methods=[GET]}" onto public com.response.ResponseResult com.casting.controller.CastingCPCGeneralOEEDataController.getQuantityTarget(java.lang.Integer,java.lang.Integer,java.lang.String) throws java.lang.Exception
2020-03-17 11:20:24.810 [main] INFO  o.s.w.s.m.m.a.RequestMappingHandlerMapping - Mapped "{[/CPCGeneralOEEData/getqt4shift],methods=[GET]}" onto public com.response.ResponseResult com.casting.controller.CastingCPCGeneralOEEDataController.getQuantityTarget4Shift(java.lang.String,java.lang.Integer,java.lang.String) throws java.lang.Exception
2020-03-17 11:20:24.810 [main] INFO  o.s.w.s.m.m.a.RequestMappingHandlerMapping - Mapped "{[/CPCGeneralOEEData/delete],methods=[POST]}" onto public com.response.ResponseResult com.core.controller.GenericController.delete(java.lang.String) throws java.lang.Exception
2020-03-17 11:20:24.810 [main] INFO  o.s.w.s.m.m.a.RequestMappingHandlerMapping - Mapped "{[/CPCGeneralOEEDataTemporary/generalformpost],methods=[POST]}" onto public com.response.ResponseResult com.casting.controller.CastingCPCGeneralOEEDataTemporaryController.generalformPost(java.lang.String,com.casting.domain.model.input.CastingCPCGeneralOEEDataTemporaryInput,java.lang.String)
2020-03-17 11:20:24.810 [main] INFO  o.s.w.s.m.m.a.RequestMappingHandlerMapping - Mapped "{[/CPCGeneralOEEDataTemporary/generalpagerlist],methods=[GET]}" onto public com.response.ResponseResult com.casting.controller.CastingCPCGeneralOEEDataTemporaryController.generalpagerList(javax.servlet.http.HttpServletRequest,java.lang.String)
2020-03-17 11:20:24.810 [main] INFO  o.s.w.s.m.m.a.RequestMappingHandlerMapping - Mapped "{[/CPCGeneralOEEDataTemporary/delete],methods=[POST]}" onto public com.response.ResponseResult com.core.controller.GenericController.delete(java.lang.String) throws java.lang.Exception
2020-03-17 11:20:24.810 [main] INFO  o.s.w.s.m.m.a.RequestMappingHandlerMapping - Mapped "{[/generalCastingCPC/generalpagerlist],methods=[GET]}" onto public com.response.ResponseResult com.casting.controller.CastingCPCGeneralPvFurnaceChamberCurveController.generalpagerList(javax.servlet.http.HttpServletRequest,java.lang.String)
2020-03-17 11:20:24.810 [main] INFO  o.s.w.s.m.m.a.RequestMappingHandlerMapping - Mapped "{[/generalCastingCPC/generalgetcurve],methods=[GET]}" onto public com.response.ResponseResult com.casting.controller.CastingCPCGeneralPvFurnaceChamberCurveController.generalGetCurve(javax.servlet.http.HttpServletRequest,java.lang.String)
2020-03-17 11:20:24.810 [main] INFO  o.s.w.s.m.m.a.RequestMappingHandlerMapping - Mapped "{[/generalCastingCPC/delete],methods=[POST]}" onto public com.response.ResponseResult com.core.controller.GenericController.delete(java.lang.String) throws java.lang.Exception
2020-03-17 11:20:24.810 [main] INFO  o.s.w.s.m.m.a.RequestMappingHandlerMapping - Mapped "{[/generalCPCGeneralShift/generalformpost],methods=[POST]}" onto public com.response.ResponseResult com.casting.controller.CastingCPCGeneralShiftController.generalformPost(java.lang.String,com.casting.domain.model.input.CastingCPCGeneralShiftInput,java.lang.String)
2020-03-17 11:20:24.810 [main] INFO  o.s.w.s.m.m.a.RequestMappingHandlerMapping - Mapped "{[/generalCPCGeneralShift/generalpagerlist],methods=[GET]}" onto public com.response.ResponseResult com.casting.controller.CastingCPCGeneralShiftController.generalpagerList(javax.servlet.http.HttpServletRequest,java.lang.String)
2020-03-17 11:20:24.810 [main] INFO  o.s.w.s.m.m.a.RequestMappingHandlerMapping - Mapped "{[/generalCPCGeneralShift/generalget],methods=[GET]}" onto public com.response.ResponseResult com.casting.controller.CastingCPCGeneralShiftController.generalget(java.lang.String,java.lang.String)
2020-03-17 11:20:24.810 [main] INFO  o.s.w.s.m.m.a.RequestMappingHandlerMapping - Mapped "{[/generalCPCGeneralShift/addshift],methods=[POST]}" onto public com.response.ResponseResult com.casting.controller.CastingCPCGeneralShiftController.addshift(java.lang.String,com.casting.domain.model.input.CastingCPCGeneralShiftInput,java.lang.String)
2020-03-17 11:20:24.810 [main] INFO  o.s.w.s.m.m.a.RequestMappingHandlerMapping - Mapped "{[/generalCPCGeneralShift/delete],methods=[POST]}" onto public com.response.ResponseResult com.core.controller.GenericController.delete(java.lang.String) throws java.lang.Exception
2020-03-17 11:20:24.810 [main] INFO  o.s.w.s.m.m.a.RequestMappingHandlerMapping - Mapped "{[/CPCWorkBench/CPCDeviceDataWithCycle],methods=[POST]}" onto public com.response.ResponseResult com.casting.controller.CPCWorkBenchController.getCPCDeviceDataWithCycle(java.lang.String,com.project.domain.workbench.auth,java.lang.String)
2020-03-17 11:20:24.810 [main] INFO  o.s.w.s.m.m.a.RequestMappingHandlerMapping - Mapped "{[/castingCreateTable/byName],methods=[GET]}" onto public com.response.ResponseResult com.casting.controller.CreateTableController.getCPCDeviceDataWithCycle(java.lang.String)
2020-03-17 11:20:24.810 [main] INFO  o.s.w.s.m.m.a.RequestMappingHandlerMapping - Mapped "{[/MaterialInspectionRecord/pagerlist],methods=[GET]}" onto public com.response.ResponseResult com.casting.controller.MaterialInspectionRecordController.pagerList(javax.servlet.http.HttpServletRequest)
2020-03-17 11:20:24.810 [main] INFO  o.s.w.s.m.m.a.RequestMappingHandlerMapping - Mapped "{[/MaterialInspectionRecord/formpost],methods=[POST]}" onto public com.response.ResponseResult com.casting.controller.MaterialInspectionRecordController.formPost(java.lang.String,com.casting.domain.model.input.MaterialInspectionRecordInput)
2020-03-17 11:20:24.810 [main] INFO  o.s.w.s.m.m.a.RequestMappingHandlerMapping - Mapped "{[/MaterialInspectionRecord/smtptest],methods=[GET]}" onto public com.response.ResponseResult com.casting.controller.MaterialInspectionRecordController.smtptest(java.lang.String)
2020-03-17 11:20:24.810 [main] INFO  o.s.w.s.m.m.a.RequestMappingHandlerMapping - Mapped "{[/MaterialInspectionRecord/reportQuality],methods=[GET]}" onto public com.response.ResponseResult com.casting.controller.MaterialInspectionRecordController.reportQuality(java.lang.String)
2020-03-17 11:20:24.810 [main] INFO  o.s.w.s.m.m.a.RequestMappingHandlerMapping - Mapped "{[/MaterialInspectionRecord/auditRecord],methods=[GET]}" onto public com.response.ResponseResult com.casting.controller.MaterialInspectionRecordController.auditRecord(java.lang.String)
2020-03-17 11:20:24.810 [main] INFO  o.s.w.s.m.m.a.RequestMappingHandlerMapping - Mapped "{[/MaterialInspectionRecord/getByNumber],methods=[GET]}" onto public com.response.ResponseResult com.casting.controller.MaterialInspectionRecordController.getByNumber(java.lang.String)
2020-03-17 11:20:24.810 [main] INFO  o.s.w.s.m.m.a.RequestMappingHandlerMapping - Mapped "{[/MaterialInspectionRecord/delete],methods=[POST]}" onto public com.response.ResponseResult com.core.controller.GenericController.delete(java.lang.String) throws java.lang.Exception
2020-03-17 11:20:24.810 [main] INFO  o.s.w.s.m.m.a.RequestMappingHandlerMapping - Mapped "{[/MaterialInspectionDetail/pagerlist],methods=[GET]}" onto public com.response.ResponseResult com.casting.controller.MaterialInspectionRecordDetailController.pagerList(javax.servlet.http.HttpServletRequest)
2020-03-17 11:20:24.810 [main] INFO  o.s.w.s.m.m.a.RequestMappingHandlerMapping - Mapped "{[/MaterialInspectionDetail/formpost],methods=[POST]}" onto public com.response.ResponseResult com.casting.controller.MaterialInspectionRecordDetailController.formPost(java.lang.String,com.casting.domain.model.input.MaterialInspectionRecordDetailInput)
2020-03-17 11:20:24.810 [main] INFO  o.s.w.s.m.m.a.RequestMappingHandlerMapping - Mapped "{[/MaterialInspectionDetail/getDetailByNumber],methods=[GET]}" onto public com.response.ResponseResult com.casting.controller.MaterialInspectionRecordDetailController.getDetailByNumber(java.lang.String)
2020-03-17 11:20:24.810 [main] INFO  o.s.w.s.m.m.a.RequestMappingHandlerMapping - Mapped "{[/MaterialInspectionDetail/delete],methods=[POST]}" onto public com.response.ResponseResult com.core.controller.GenericController.delete(java.lang.String) throws java.lang.Exception
2020-03-17 11:20:24.810 [main] INFO  o.s.w.s.m.m.a.RequestMappingHandlerMapping - Mapped "{[/MechanicalPropertiesLocationRequirement/getByName],methods=[GET]}" onto public com.response.ResponseResult com.casting.controller.MechanicalPropertiesLocationRequirementController.getByName(java.lang.String)
2020-03-17 11:20:24.810 [main] INFO  o.s.w.s.m.m.a.RequestMappingHandlerMapping - Mapped "{[/MechanicalPropertiesLocationRequirement/pagerlist],methods=[GET]}" onto public com.response.ResponseResult com.casting.controller.MechanicalPropertiesLocationRequirementController.pagerList(javax.servlet.http.HttpServletRequest)
2020-03-17 11:20:24.810 [main] INFO  o.s.w.s.m.m.a.RequestMappingHandlerMapping - Mapped "{[/MechanicalPropertiesLocationRequirement/formpost],methods=[POST]}" onto public com.response.ResponseResult com.casting.controller.MechanicalPropertiesLocationRequirementController.formPost(java.lang.String,com.casting.domain.model.input.MechanicalPropertiesLocationRequirementInput)
2020-03-17 11:20:24.810 [main] INFO  o.s.w.s.m.m.a.RequestMappingHandlerMapping - Mapped "{[/MechanicalPropertiesLocationRequirement/delete],methods=[POST]}" onto public com.response.ResponseResult com.core.controller.GenericController.delete(java.lang.String) throws java.lang.Exception
2020-03-17 11:20:24.810 [main] INFO  o.s.w.s.m.m.a.RequestMappingHandlerMapping - Mapped "{[/MechanicalPropertiesReport/pagerlist],methods=[GET]}" onto public com.response.ResponseResult com.casting.controller.MechanicalPropertiesReportController.pagerList(javax.servlet.http.HttpServletRequest)
2020-03-17 11:20:24.810 [main] INFO  o.s.w.s.m.m.a.RequestMappingHandlerMapping - Mapped "{[/MechanicalPropertiesReport/formpost],methods=[POST]}" onto public com.response.ResponseResult com.casting.controller.MechanicalPropertiesReportController.formPost(java.lang.String,com.casting.domain.model.input.MechanicalPropertiesReportInput)
2020-03-17 11:20:24.810 [main] INFO  o.s.w.s.m.m.a.RequestMappingHandlerMapping - Mapped "{[/MechanicalPropertiesReport/getByNumber],methods=[GET]}" onto public com.response.ResponseResult com.casting.controller.MechanicalPropertiesReportController.getByNumber(java.lang.String)
2020-03-17 11:20:24.810 [main] INFO  o.s.w.s.m.m.a.RequestMappingHandlerMapping - Mapped "{[/MechanicalPropertiesReport/delete],methods=[POST]}" onto public com.response.ResponseResult com.core.controller.GenericController.delete(java.lang.String) throws java.lang.Exception
2020-03-17 11:20:24.810 [main] INFO  o.s.w.s.m.m.a.RequestMappingHandlerMapping - Mapped "{[/MechanicalPropertiesReportDetail/pagerlist],methods=[GET]}" onto public com.response.ResponseResult com.casting.controller.MechanicalPropertiesReportDetailController.pagerList(javax.servlet.http.HttpServletRequest)
2020-03-17 11:20:24.810 [main] INFO  o.s.w.s.m.m.a.RequestMappingHandlerMapping - Mapped "{[/MechanicalPropertiesReportDetail/getDetailByNumber],methods=[GET]}" onto public com.response.ResponseResult com.casting.controller.MechanicalPropertiesReportDetailController.getDetailByNumber(java.lang.String)
2020-03-17 11:20:24.810 [main] INFO  o.s.w.s.m.m.a.RequestMappingHandlerMapping - Mapped "{[/MechanicalPropertiesReportDetail/addByTable],methods=[POST]}" onto public com.response.ResponseResult com.casting.controller.MechanicalPropertiesReportDetailController.addByTable(java.lang.String,com.casting.domain.model.input.MechanicalPropertiesReportDetailInput)
2020-03-17 11:20:24.810 [main] INFO  o.s.w.s.m.m.a.RequestMappingHandlerMapping - Mapped "{[/MechanicalPropertiesReportDetail/delete],methods=[POST]}" onto public com.response.ResponseResult com.core.controller.GenericController.delete(java.lang.String) throws java.lang.Exception
2020-03-17 11:20:24.810 [main] INFO  o.s.w.s.m.m.a.RequestMappingHandlerMapping - Mapped "{[/GeneraluploadCPCShift],methods=[POST]}" onto public com.response.ResponseResult com.casting.upload.GeneralUpload4Casting.uploadnew(javax.servlet.http.HttpServletRequest,javax.servlet.http.HttpServletResponse,java.lang.String)
2020-03-17 11:20:24.810 [main] INFO  o.s.w.s.m.m.a.RequestMappingHandlerMapping - Mapped "{[/G05MarkedContent/pagerlist],methods=[GET]}" onto public com.response.ResponseResult com.project.controller.G05LazerMarking.G05MarkedContentController.pagerList(javax.servlet.http.HttpServletRequest)
2020-03-17 11:20:24.810 [main] INFO  o.s.w.s.m.m.a.RequestMappingHandlerMapping - Mapped "{[/G05MarkedContent/delete],methods=[POST]}" onto public com.response.ResponseResult com.core.controller.GenericController.delete(java.lang.String) throws java.lang.Exception
2020-03-17 11:20:24.810 [main] INFO  o.s.w.s.m.m.a.RequestMappingHandlerMapping - Mapped "{[/G05WorkBench/DeviceDataModify],methods=[POST]}" onto public com.response.ResponseResult com.project.controller.G05LazerMarking.G05WorkBenchController.ModifyG05DeviceData(com.project.domain.workbench.auth,java.lang.String)
2020-03-17 11:20:24.810 [main] INFO  o.s.w.s.m.m.a.RequestMappingHandlerMapping - Mapped "{[/G05WorkBench/G05DeviceData],methods=[POST]}" onto public com.response.ResponseResult com.project.controller.G05LazerMarking.G05WorkBenchController.getG05DeviceData(java.lang.String,com.project.domain.workbench.auth)
2020-03-17 11:20:24.810 [main] INFO  o.s.w.s.m.m.a.RequestMappingHandlerMapping - Mapped "{[/TelitWrite/DeviceDataModify],methods=[POST]}" onto public com.response.ResponseResult com.project.controller.G05LazerMarking.TelitParamController.ModifyG05DeviceData(com.project.domain.workbench.auth,java.lang.String)
2020-03-17 11:20:24.810 [main] INFO  o.s.w.s.m.m.a.RequestMappingHandlerMapping - Mapped "{[/G38OperationTeam/pagerlist],methods=[GET]}" onto public com.response.ResponseResult com.project.controller.G38OperationTeamController.pagerList(javax.servlet.http.HttpServletRequest)
2020-03-17 11:20:24.825 [main] INFO  o.s.w.s.m.m.a.RequestMappingHandlerMapping - Mapped "{[/G38OperationTeam/formpost],methods=[POST]}" onto public com.response.ResponseResult com.project.controller.G38OperationTeamController.formPost(java.lang.String,com.project.domain.model.input.G38OperationTeamInput)
2020-03-17 11:20:24.826 [main] INFO  o.s.w.s.m.m.a.RequestMappingHandlerMapping - Mapped "{[/G38OperationTeam/delete],methods=[POST]}" onto public com.response.ResponseResult com.core.controller.GenericController.delete(java.lang.String) throws java.lang.Exception
2020-03-17 11:20:24.826 [main] INFO  o.s.w.s.m.m.a.RequestMappingHandlerMapping - Mapped "{[/G38WorkBench/G38DeviceDataAirDetection],methods=[POST]}" onto public com.response.ResponseResult com.project.controller.G38WorkBenchController.getG38DeviceDataAirDetection(java.lang.String,com.project.domain.workbench.auth)
2020-03-17 11:20:24.826 [main] INFO  o.s.w.s.m.m.a.RequestMappingHandlerMapping - Mapped "{[/G38WorkBench/G38DeviceDataWithCycle],methods=[POST]}" onto public com.response.ResponseResult com.project.controller.G38WorkBenchController.getG38DeviceDataWithCycle(java.lang.String,com.project.domain.workbench.auth)
2020-03-17 11:20:24.826 [main] INFO  o.s.w.s.m.m.a.RequestMappingHandlerMapping - Mapped "{[/G38WorkBench/G38DeviceData],methods=[POST]}" onto public com.response.ResponseResult com.project.controller.G38WorkBenchController.getG38DeviceData(java.lang.String,com.project.domain.workbench.auth)
2020-03-17 11:20:24.826 [main] INFO  o.s.w.s.m.m.a.RequestMappingHandlerMapping - Mapped "{[/GeneralLine/lineAssyDetail],methods=[GET]}" onto public com.response.ResponseResult com.project.controller.GeneralLineController.getAll(java.lang.String,java.lang.Integer,java.lang.Integer) throws java.lang.Exception
2020-03-17 11:20:24.826 [main] INFO  o.s.w.s.m.m.a.RequestMappingHandlerMapping - Mapped "{[/GeneralLine/lineUtilization],methods=[GET]}" onto public com.response.ResponseResult com.project.controller.GeneralLineController.getLineUtilization(java.lang.String,java.lang.Integer,java.lang.Integer) throws java.lang.Exception
2020-03-17 11:20:24.826 [main] INFO  o.s.w.s.m.m.a.RequestMappingHandlerMapping - Mapped "{[/GeneralLine/lineDownTime],methods=[GET]}" onto public com.response.ResponseResult com.project.controller.GeneralLineController.getLineDownTime(java.lang.String,java.lang.Integer,java.lang.Integer) throws java.lang.Exception
2020-03-17 11:20:24.826 [main] INFO  o.s.w.s.m.m.a.RequestMappingHandlerMapping - Mapped "{[/GeneralLine/lineOeeByShift],methods=[GET]}" onto public com.response.ResponseResult com.project.controller.GeneralLineController.getLineOee4shift(java.lang.Integer,java.lang.String) throws java.lang.Exception
2020-03-17 11:20:24.826 [main] INFO  o.s.w.s.m.m.a.RequestMappingHandlerMapping - Mapped "{[/GeneralLine/lineOee],methods=[GET]}" onto public com.response.ResponseResult com.project.controller.GeneralLineController.getLineOee(java.lang.String,java.lang.Integer,java.lang.Integer) throws java.lang.Exception
2020-03-17 11:20:24.826 [main] INFO  o.s.w.s.m.m.a.RequestMappingHandlerMapping - Mapped "{[/GeneralOEEData/getDownTimeWeek],methods=[GET]}" onto public com.response.ResponseResult com.project.controller.GeneralOEEDataController.getDownTimeWeek(java.lang.Integer,java.lang.Integer,java.lang.String,java.lang.String)
2020-03-17 11:20:24.826 [main] INFO  o.s.w.s.m.m.a.RequestMappingHandlerMapping - Mapped "{[/GeneralOEEData/getWeekTargetByProduction],methods=[GET]}" onto public com.response.ResponseResult com.project.controller.GeneralOEEDataController.getWeekOeeTarget(java.lang.Integer,java.lang.Integer,java.lang.String,java.lang.String) throws java.lang.Exception
2020-03-17 11:20:24.826 [main] INFO  o.s.w.s.m.m.a.RequestMappingHandlerMapping - Mapped "{[/GeneralOEEData/getWeekOee],methods=[GET]}" onto public com.response.ResponseResult com.project.controller.GeneralOEEDataController.getWeekOee(java.lang.Integer,java.lang.Integer,java.lang.String,java.lang.String) throws java.lang.Exception
2020-03-17 11:20:24.826 [main] INFO  o.s.w.s.m.m.a.RequestMappingHandlerMapping - Mapped "{[/GeneralOEEData/getDownTime],methods=[GET]}" onto public com.response.ResponseResult com.project.controller.GeneralOEEDataController.getDownTime(java.lang.String,java.lang.Integer,java.lang.Integer,java.lang.String,java.lang.String)
2020-03-17 11:20:24.826 [main] INFO  o.s.w.s.m.m.a.RequestMappingHandlerMapping - Mapped "{[/GeneralOEEData/getOee],methods=[GET]}" onto public com.response.ResponseResult com.project.controller.GeneralOEEDataController.getOeeAll(java.lang.String,java.lang.Integer,java.lang.String,java.lang.String) throws java.lang.Exception
2020-03-17 11:20:24.826 [main] INFO  o.s.w.s.m.m.a.RequestMappingHandlerMapping - Mapped "{[/GeneralOEEData/generalFormpost],methods=[POST]}" onto public com.response.ResponseResult com.project.controller.GeneralOEEDataController.generalformPost(java.lang.String,com.project.domain.model.input.GeneralOEEDataInput,java.lang.String,java.lang.String)
2020-03-17 11:20:24.826 [main] INFO  o.s.w.s.m.m.a.RequestMappingHandlerMapping - Mapped "{[/GeneralOEEData/getqt],methods=[GET]}" onto public com.response.ResponseResult com.project.controller.GeneralOEEDataController.getQuantityTarget(java.lang.Integer,java.lang.Integer,java.lang.String,java.lang.String) throws java.lang.Exception
2020-03-17 11:20:24.826 [main] INFO  o.s.w.s.m.m.a.RequestMappingHandlerMapping - Mapped "{[/GeneralOEEData/getqtByShift],methods=[GET]}" onto public com.response.ResponseResult com.project.controller.GeneralOEEDataController.getQuantityTarget4Shift(java.lang.String,java.lang.Integer,java.lang.String,java.lang.String) throws java.lang.Exception
2020-03-17 11:20:24.826 [main] INFO  o.s.w.s.m.m.a.RequestMappingHandlerMapping - Mapped "{[/GeneralOEEData/cycleTimeAverage],methods=[GET]}" onto public com.response.ResponseResult com.project.controller.GeneralOEEDataController.getCurrentCycleTimeAverage(java.lang.String,java.lang.String) throws java.lang.Exception
2020-03-17 11:20:24.826 [main] INFO  o.s.w.s.m.m.a.RequestMappingHandlerMapping - Mapped "{[/GeneralOEEData/generalPageList],methods=[GET]}" onto public com.response.ResponseResult com.project.controller.GeneralOEEDataController.generalPagerList(javax.servlet.http.HttpServletRequest,java.lang.String,java.lang.String)
2020-03-17 11:20:24.826 [main] INFO  o.s.w.s.m.m.a.RequestMappingHandlerMapping - Mapped "{[/GeneralOEEData/generalGet],methods=[GET]}" onto public com.response.ResponseResult com.project.controller.GeneralOEEDataController.generalGet(java.lang.Integer,java.lang.String,java.lang.String)
2020-03-17 11:20:24.826 [main] INFO  o.s.w.s.m.m.a.RequestMappingHandlerMapping - Mapped "{[/GeneralOEEData/generalDelete],methods=[POST]}" onto public com.response.ResponseResult com.project.controller.GeneralOEEDataController.generalDelete(java.lang.String,java.lang.String,java.lang.String)
2020-03-17 11:20:24.826 [main] INFO  o.s.w.s.m.m.a.RequestMappingHandlerMapping - Mapped "{[/GeneralOEEData/delete],methods=[POST]}" onto public com.response.ResponseResult com.core.controller.GenericController.delete(java.lang.String) throws java.lang.Exception
2020-03-17 11:20:24.826 [main] INFO  o.s.w.s.m.m.a.RequestMappingHandlerMapping - Mapped "{[/GeneralDownTime/pageList],methods=[GET]}" onto public com.response.ResponseResult com.project.controller.GeneralOEEDataDownTimeController.generalPageList(javax.servlet.http.HttpServletRequest,java.lang.String,java.lang.String)
2020-03-17 11:20:24.826 [main] INFO  o.s.w.s.m.m.a.RequestMappingHandlerMapping - Mapped "{[/GeneralDownTime/addDownTime],methods=[POST]}" onto public com.response.ResponseResult com.project.controller.GeneralOEEDataDownTimeController.generalFormPost(java.lang.String,com.project.domain.model.input.GeneralOEEDataTemporaryInput,java.lang.String,java.lang.String)
2020-03-17 11:20:24.826 [main] INFO  o.s.w.s.m.m.a.RequestMappingHandlerMapping - Mapped "{[/GeneralDownTime/delete],methods=[POST]}" onto public com.response.ResponseResult com.core.controller.GenericController.delete(java.lang.String) throws java.lang.Exception
2020-03-17 11:20:24.826 [main] INFO  o.s.w.s.m.m.a.RequestMappingHandlerMapping - Mapped "{[/GeneralOEEDataExplanation/updateExplanation],methods=[GET]}" onto public com.response.ResponseResult com.project.controller.GeneralOEEDataExplanationController.updateExplanation(java.lang.Integer,java.lang.String,java.lang.String,java.lang.String)
2020-03-17 11:20:24.826 [main] INFO  o.s.w.s.m.m.a.RequestMappingHandlerMapping - Mapped "{[/GeneralOEEDataExplanation/lineDeviceOeeList],methods=[GET]}" onto public com.response.ResponseResult com.project.controller.GeneralOEEDataExplanationController.generalPageList(javax.servlet.http.HttpServletRequest,java.lang.String,java.lang.String)
2020-03-17 11:20:24.826 [main] INFO  o.s.w.s.m.m.a.RequestMappingHandlerMapping - Mapped "{[/GeneralProduction/generalpagerlist],methods=[GET]}" onto public com.response.ResponseResult com.project.controller.GeneralProductionPlanController.generalpagerList(javax.servlet.http.HttpServletRequest,java.lang.String,java.lang.String)
2020-03-17 11:20:24.826 [main] INFO  o.s.w.s.m.m.a.RequestMappingHandlerMapping - Mapped "{[/GeneralProduction/generalimpressive],methods=[GET]}" onto public com.response.ResponseResult com.project.controller.GeneralProductionPlanController.generalimpressive(java.lang.String,java.lang.String)
2020-03-17 11:20:24.826 [main] INFO  o.s.w.s.m.m.a.RequestMappingHandlerMapping - Mapped "{[/GeneralProduction/generalformpost],methods=[POST]}" onto public com.response.ResponseResult com.project.controller.GeneralProductionPlanController.generalFormPost(com.project.domain.model.input.GeneralProductionTemporaryInput,java.lang.String)
2020-03-17 11:20:24.826 [main] INFO  o.s.w.s.m.m.a.RequestMappingHandlerMapping - Mapped "{[/GeneralProduction/stopproduction],methods=[GET]}" onto public com.response.ResponseResult com.project.controller.GeneralProductionPlanController.stopProduction(java.lang.String,java.lang.String,java.lang.Integer)
2020-03-17 11:20:24.826 [main] INFO  o.s.w.s.m.m.a.RequestMappingHandlerMapping - Mapped "{[/GeneralProduction/delete],methods=[POST]}" onto public com.response.ResponseResult com.core.controller.GenericController.delete(java.lang.String) throws java.lang.Exception
2020-03-17 11:20:24.826 [main] INFO  o.s.w.s.m.m.a.RequestMappingHandlerMapping - Mapped "{[/LineDevice/get],methods=[GET]}" onto public com.response.ResponseResult com.project.controller.LineDeviceController.get(java.lang.String)
2020-03-17 11:20:24.826 [main] INFO  o.s.w.s.m.m.a.RequestMappingHandlerMapping - Mapped "{[/LineDevice/pagerlist],methods=[GET]}" onto public com.response.ResponseResult com.project.controller.LineDeviceController.pagerList(javax.servlet.http.HttpServletRequest)
2020-03-17 11:20:24.826 [main] INFO  o.s.w.s.m.m.a.RequestMappingHandlerMapping - Mapped "{[/LineDevice/castingPageList],methods=[GET]}" onto public com.response.ResponseResult com.project.controller.LineDeviceController.castingPagerList(javax.servlet.http.HttpServletRequest)
2020-03-17 11:20:24.826 [main] INFO  o.s.w.s.m.m.a.RequestMappingHandlerMapping - Mapped "{[/LineDevice/delete],methods=[POST]}" onto public com.response.ResponseResult com.core.controller.GenericController.delete(java.lang.String) throws java.lang.Exception
2020-03-17 11:20:24.826 [main] INFO  o.s.w.s.m.m.a.RequestMappingHandlerMapping - Mapped "{[/MachineOverview/allDeviceAirDetection],methods=[POST]}" onto public com.response.ResponseResult com.project.controller.MachineOverviewController.getAllDeviceAirDetection(com.project.domain.workbench.auth)
2020-03-17 11:20:24.826 [main] INFO  o.s.w.s.m.m.a.RequestMappingHandlerMapping - Mapped "{[/MachineOverview/allDeviceStatus],methods=[POST]}" onto public com.response.ResponseResult com.project.controller.MachineOverviewController.getAllDeviceStatus(com.project.domain.workbench.auth)
2020-03-17 11:20:24.826 [main] INFO  o.s.w.s.m.m.a.RequestMappingHandlerMapping - Mapped "{[/MachineOverview/allDevicesOEE],methods=[GET]}" onto public com.response.ResponseResult com.project.controller.MachineOverviewController.getAllDeviceOee(java.lang.String) throws java.lang.Exception
2020-03-17 11:20:24.826 [main] INFO  o.s.w.s.m.m.a.RequestMappingHandlerMapping - Mapped "{[/MachineOverview/delete],methods=[POST]}" onto public com.response.ResponseResult com.core.controller.GenericController.delete(java.lang.String) throws java.lang.Exception
2020-03-17 11:20:24.826 [main] INFO  o.s.w.s.m.m.a.RequestMappingHandlerMapping - Mapped "{[/Scrap/getScrapWithName],methods=[GET]}" onto public com.response.ResponseResult com.project.controller.ScrapController.getScrapWithName(java.lang.Integer)
2020-03-17 11:20:24.826 [main] INFO  o.s.w.s.m.m.a.RequestMappingHandlerMapping - Mapped "{[/Scrap/getScrapLineWeek],methods=[GET]}" onto public com.response.ResponseResult com.project.controller.ScrapController.getScrapLineWeek(java.lang.Integer,java.lang.Integer,java.lang.String,java.lang.String)
2020-03-17 11:20:24.826 [main] INFO  o.s.w.s.m.m.a.RequestMappingHandlerMapping - Mapped "{[/Scrap/getScrap],methods=[GET]}" onto public com.response.ResponseResult com.project.controller.ScrapController.getScrap(java.lang.Integer,java.lang.String,java.lang.String)
2020-03-17 11:20:24.826 [main] INFO  o.s.w.s.m.m.a.RequestMappingHandlerMapping - Mapped "{[/Scrap/getScrapWeek],methods=[GET]}" onto public com.response.ResponseResult com.project.controller.ScrapController.getScrapWeek(java.lang.Integer,java.lang.Integer,java.lang.String,java.lang.String)
2020-03-17 11:20:24.826 [main] INFO  o.s.w.s.m.m.a.RequestMappingHandlerMapping - Mapped "{[/Scrap/delete],methods=[POST]}" onto public com.response.ResponseResult com.core.controller.GenericController.delete(java.lang.String) throws java.lang.Exception
2020-03-17 11:20:24.826 [main] INFO  o.s.w.s.m.m.a.RequestMappingHandlerMapping - Mapped "{[/Shipment/getShipment],methods=[GET]}" onto public com.response.ResponseResult com.project.controller.ShipmentController.getShipment(java.lang.String) throws java.lang.Exception
2020-03-17 11:20:24.826 [main] INFO  o.s.w.s.m.m.a.RequestMappingHandlerMapping - Mapped "{[/Shipment/delete],methods=[POST]}" onto public com.response.ResponseResult com.core.controller.GenericController.delete(java.lang.String) throws java.lang.Exception
2020-03-17 11:20:24.826 [main] INFO  o.s.w.s.m.m.a.RequestMappingHandlerMapping - Mapped "{[/Stock/getStock],methods=[GET]}" onto public com.response.ResponseResult com.project.controller.StockController.getStock(java.lang.String)
2020-03-17 11:20:24.826 [main] INFO  o.s.w.s.m.m.a.RequestMappingHandlerMapping - Mapped "{[/Stock/delete],methods=[POST]}" onto public com.response.ResponseResult com.core.controller.GenericController.delete(java.lang.String) throws java.lang.Exception
2020-03-17 11:20:24.826 [main] INFO  o.s.w.s.m.m.a.RequestMappingHandlerMapping - Mapped "{[/InputDownTimeTiming/InputDownTimeTemporary],methods=[GET]}" onto public void com.project.controller.timing.InputDownTimeTiming.fixedRateJob()
2020-03-17 11:20:24.826 [main] INFO  o.s.w.s.m.m.a.RequestMappingHandlerMapping - Mapped "{[/ProductionTiming/ProductionTemporary],methods=[GET]}" onto public void com.project.controller.timing.ProductionTemporaryTiming.fixedRateJob()
2020-03-17 11:20:24.826 [main] INFO  o.s.w.s.m.m.a.RequestMappingHandlerMapping - Mapped "{[/ProductionTiming/UnplannedDownTimeSync],methods=[GET]}" onto public void com.project.controller.timing.UnplannedDownTimeTiming.fixedRateJob()
2020-03-17 11:20:24.826 [main] INFO  o.s.w.s.m.m.a.RequestMappingHandlerMapping - Mapped "{[/uploadShiftPlan/uploadplan],methods=[POST]}" onto public com.response.ResponseResult com.project.controller.UploadShiftPlanController.uploadnew(javax.servlet.http.HttpServletRequest,javax.servlet.http.HttpServletResponse,java.lang.String)
2020-03-17 11:20:24.826 [main] INFO  o.s.w.s.m.m.a.RequestMappingHandlerMapping - Mapped "{[/actions/get],methods=[GET]}" onto public com.response.ResponseResult com.system.controller.ActionsController.get(java.lang.String)
2020-03-17 11:20:24.826 [main] INFO  o.s.w.s.m.m.a.RequestMappingHandlerMapping - Mapped "{[/actions/delete],methods=[POST]}" onto public com.response.ResponseResult com.system.controller.ActionsController.delete(java.lang.String)
2020-03-17 11:20:24.826 [main] INFO  o.s.w.s.m.m.a.RequestMappingHandlerMapping - Mapped "{[/actions/pagerlist],methods=[GET]}" onto public com.response.ResponseResult com.system.controller.ActionsController.pagerList(javax.servlet.http.HttpServletRequest)
2020-03-17 11:20:24.826 [main] INFO  o.s.w.s.m.m.a.RequestMappingHandlerMapping - Mapped "{[/actions/formpost],methods=[POST]}" onto public com.response.ResponseResult com.system.controller.ActionsController.formPost(java.lang.String,com.system.domain.model.input.ActionsInput)
2020-03-17 11:20:24.826 [main] INFO  o.s.w.s.m.m.a.RequestMappingHandlerMapping - Mapped "{[/attachmentconfig/get],methods=[GET]}" onto public com.response.ResponseResult com.system.controller.AttachmentConfigController.get(java.lang.String)
2020-03-17 11:20:24.826 [main] INFO  o.s.w.s.m.m.a.RequestMappingHandlerMapping - Mapped "{[/attachmentconfig/delete],methods=[POST]}" onto public com.response.ResponseResult com.system.controller.AttachmentConfigController.delete(java.lang.String)
2020-03-17 11:20:24.826 [main] INFO  o.s.w.s.m.m.a.RequestMappingHandlerMapping - Mapped "{[/attachmentconfig/pagerlist],methods=[GET]}" onto public com.response.ResponseResult com.system.controller.AttachmentConfigController.pagerList(javax.servlet.http.HttpServletRequest)
2020-03-17 11:20:24.826 [main] INFO  o.s.w.s.m.m.a.RequestMappingHandlerMapping - Mapped "{[/attachmentconfig/formpost],methods=[POST]}" onto public com.response.ResponseResult com.system.controller.AttachmentConfigController.formPost(java.lang.String,com.system.domain.model.input.AttachmentConfigInput)
2020-03-17 11:20:24.826 [main] INFO  o.s.w.s.m.m.a.RequestMappingHandlerMapping - Mapped "{[/attachment/get],methods=[GET]}" onto public com.response.ResponseResult com.system.controller.AttachmentController.get(java.lang.String)
2020-03-17 11:20:24.826 [main] INFO  o.s.w.s.m.m.a.RequestMappingHandlerMapping - Mapped "{[/attachment/delete],methods=[POST]}" onto public com.response.ResponseResult com.system.controller.AttachmentController.delete(java.lang.String)
2020-03-17 11:20:24.826 [main] INFO  o.s.w.s.m.m.a.RequestMappingHandlerMapping - Mapped "{[/attachment/pagerlist],methods=[GET]}" onto public com.response.ResponseResult com.system.controller.AttachmentController.pagerList(javax.servlet.http.HttpServletRequest)
2020-03-17 11:20:24.826 [main] INFO  o.s.w.s.m.m.a.RequestMappingHandlerMapping - Mapped "{[/attachment/formpost],methods=[POST]}" onto public com.response.ResponseResult com.system.controller.AttachmentController.formPost(java.lang.String,com.system.domain.model.input.AttachmentInput)
2020-03-17 11:20:24.826 [main] INFO  o.s.w.s.m.m.a.RequestMappingHandlerMapping - Mapped "{[/attachment/uploadimplementationplanattachment],methods=[POST]}" onto public com.response.ResponseResult com.system.controller.AttachmentController.uploadImplementationPlanAttachment(com.system.domain.model.input.AttachmentInput)
2020-03-17 11:20:24.826 [main] INFO  o.s.w.s.m.m.a.RequestMappingHandlerMapping - Mapped "{[/attachment/lists],methods=[GET]}" onto public com.response.ResponseResult com.system.controller.AttachmentController.lists(javax.servlet.http.HttpServletRequest)
2020-03-17 11:20:24.826 [main] INFO  o.s.w.s.m.m.a.RequestMappingHandlerMapping - Mapped "{[/attachment/approval],methods=[POST]}" onto public com.response.ResponseResult com.system.controller.AttachmentController.approval(java.lang.String,com.system.domain.model.input.AttachmentInput)
2020-03-17 11:20:24.826 [main] INFO  o.s.w.s.m.m.a.RequestMappingHandlerMapping - Mapped "{[/attachment/projectslists],methods=[GET]}" onto public com.response.ResponseResult com.system.controller.AttachmentController.projectslists(javax.servlet.http.HttpServletRequest)
2020-03-17 11:20:24.826 [main] INFO  o.s.w.s.m.m.a.RequestMappingHandlerMapping - Mapped "{[/attachment/managementlist],methods=[GET]}" onto public com.response.ResponseResult com.system.controller.AttachmentController.managementlist(javax.servlet.http.HttpServletRequest)
2020-03-17 11:20:24.826 [main] INFO  o.s.w.s.m.m.a.RequestMappingHandlerMapping - Mapped "{[/logout],methods=[POST]}" onto public com.response.ResponseResult com.system.controller.LoginController.exit()
2020-03-17 11:20:24.826 [main] INFO  o.s.w.s.m.m.a.RequestMappingHandlerMapping - Mapped "{[/action],methods=[POST]}" onto public com.response.ResponseResult com.system.controller.LoginController.action(javax.servlet.http.HttpServletRequest)
2020-03-17 11:20:24.826 [main] INFO  o.s.w.s.m.m.a.RequestMappingHandlerMapping - Mapped "{[/login],methods=[POST]}" onto public com.response.ResponseResult com.system.controller.LoginController.login(com.system.domain.model.LoginInfo,javax.servlet.http.HttpServletRequest)
2020-03-17 11:20:24.826 [main] INFO  o.s.w.s.m.m.a.RequestMappingHandlerMapping - Mapped "{[/openidlogin],methods=[GET]}" onto public com.response.ResponseResult com.system.controller.LoginController.openidlogin(javax.servlet.http.HttpServletRequest)
2020-03-17 11:20:24.826 [main] INFO  o.s.w.s.m.m.a.RequestMappingHandlerMapping - Mapped "{[/delete],methods=[POST]}" onto public com.response.ResponseResult com.core.controller.GenericController.delete(java.lang.String) throws java.lang.Exception
2020-03-17 11:20:24.826 [main] INFO  o.s.w.s.m.m.a.RequestMappingHandlerMapping - Mapped "{[/loginlogs/pagerlist],methods=[GET]}" onto public com.response.ResponseResult com.system.controller.LoginLogsController.pagerList(javax.servlet.http.HttpServletRequest)
2020-03-17 11:20:24.826 [main] INFO  o.s.w.s.m.m.a.RequestMappingHandlerMapping - Mapped "{[/loginlogs/formpost],methods=[POST]}" onto public com.response.ResponseResult com.system.controller.LoginLogsController.formPost(java.lang.String,com.system.domain.model.input.LoginLogsInput)
2020-03-17 11:20:24.826 [main] INFO  o.s.w.s.m.m.a.RequestMappingHandlerMapping - Mapped "{[/loginlogs/delete],methods=[POST]}" onto public com.response.ResponseResult com.core.controller.GenericController.delete(java.lang.String) throws java.lang.Exception
2020-03-17 11:20:24.842 [main] INFO  o.s.w.s.m.m.a.RequestMappingHandlerMapping - Mapped "{[/menu/get],methods=[GET]}" onto public com.response.ResponseResult com.system.controller.MenuController.get(java.lang.String)
2020-03-17 11:20:24.842 [main] INFO  o.s.w.s.m.m.a.RequestMappingHandlerMapping - Mapped "{[/menu/delete],methods=[POST]}" onto public com.response.ResponseResult com.system.controller.MenuController.delete(java.lang.String)
2020-03-17 11:20:24.842 [main] INFO  o.s.w.s.m.m.a.RequestMappingHandlerMapping - Mapped "{[/menu/menulist],methods=[GET]}" onto public com.response.ResponseResult com.system.controller.MenuController.list(javax.servlet.http.HttpServletRequest)
2020-03-17 11:20:24.842 [main] INFO  o.s.w.s.m.m.a.RequestMappingHandlerMapping - Mapped "{[/menu/formpost],methods=[POST]}" onto public com.response.ResponseResult com.system.controller.MenuController.formPost(java.lang.String,com.system.domain.model.input.MenuInput)
2020-03-17 11:20:24.842 [main] INFO  o.s.w.s.m.m.a.RequestMappingHandlerMapping - Mapped "{[/menu/firstlevelmenu],methods=[GET]}" onto public com.response.ResponseResult com.system.controller.MenuController.firstLevelMenu()
2020-03-17 11:20:24.842 [main] INFO  o.s.w.s.m.m.a.RequestMappingHandlerMapping - Mapped "{[/menu/menutreeviewlist],methods=[GET]}" onto public com.response.ResponseResult com.system.controller.MenuController.menutreeviewlist(javax.servlet.http.HttpServletRequest)
2020-03-17 11:20:24.842 [main] INFO  o.s.w.s.m.m.a.RequestMappingHandlerMapping - Mapped "{[/menu/leftmenu],methods=[GET]}" onto public com.response.ResponseResult com.system.controller.MenuController.leftMenu(javax.servlet.http.HttpServletRequest)
2020-03-17 11:20:24.842 [main] INFO  o.s.w.s.m.m.a.RequestMappingHandlerMapping - Mapped "{[/roleaction/save],methods=[POST]}" onto public com.response.ResponseResult com.system.controller.RoleActionController.save(java.lang.String,java.lang.String)
2020-03-17 11:20:24.842 [main] INFO  o.s.w.s.m.m.a.RequestMappingHandlerMapping - Mapped "{[/roleaction/getlist],methods=[GET]}" onto public com.response.ResponseResult com.system.controller.RoleActionController.getlist(java.lang.String)
2020-03-17 11:20:24.842 [main] INFO  o.s.w.s.m.m.a.RequestMappingHandlerMapping - Mapped "{[/roleaction/delete],methods=[POST]}" onto public com.response.ResponseResult com.core.controller.GenericController.delete(java.lang.String) throws java.lang.Exception
2020-03-17 11:20:24.842 [main] INFO  o.s.w.s.m.m.a.RequestMappingHandlerMapping - Mapped "{[/role/get],methods=[GET]}" onto public com.response.ResponseResult com.system.controller.RoleController.get(java.lang.String)
2020-03-17 11:20:24.842 [main] INFO  o.s.w.s.m.m.a.RequestMappingHandlerMapping - Mapped "{[/role/delete],methods=[POST]}" onto public com.response.ResponseResult com.system.controller.RoleController.delete(java.lang.String)
2020-03-17 11:20:24.842 [main] INFO  o.s.w.s.m.m.a.RequestMappingHandlerMapping - Mapped "{[/role/pagerlist],methods=[GET]}" onto public com.response.ResponseResult com.system.controller.RoleController.pagerList(javax.servlet.http.HttpServletRequest)
2020-03-17 11:20:24.842 [main] INFO  o.s.w.s.m.m.a.RequestMappingHandlerMapping - Mapped "{[/role/formpost],methods=[POST]}" onto public com.response.ResponseResult com.system.controller.RoleController.formPost(java.lang.String,com.system.domain.model.input.RoleInput)
2020-03-17 11:20:24.842 [main] INFO  o.s.w.s.m.m.a.RequestMappingHandlerMapping - Mapped "{[/rolemenu/save],methods=[POST]}" onto public com.response.ResponseResult com.system.controller.RoleMenuController.save(java.lang.String,java.lang.String)
2020-03-17 11:20:24.842 [main] INFO  o.s.w.s.m.m.a.RequestMappingHandlerMapping - Mapped "{[/rolemenu/getlist],methods=[GET]}" onto public com.response.ResponseResult com.system.controller.RoleMenuController.getlist(java.lang.String)
2020-03-17 11:20:24.842 [main] INFO  o.s.w.s.m.m.a.RequestMappingHandlerMapping - Mapped "{[/rolemenu/delete],methods=[POST]}" onto public com.response.ResponseResult com.core.controller.GenericController.delete(java.lang.String) throws java.lang.Exception
2020-03-17 11:20:24.842 [main] INFO  o.s.w.s.m.m.a.RequestMappingHandlerMapping - Mapped "{[/systemdatalogs/delete],methods=[POST]}" onto public com.response.ResponseResult com.system.controller.SystemDataLogsController.delete(java.lang.String)
2020-03-17 11:20:24.842 [main] INFO  o.s.w.s.m.m.a.RequestMappingHandlerMapping - Mapped "{[/systemdatalogs/list],methods=[GET]}" onto public com.response.ResponseResult com.system.controller.SystemDataLogsController.List(javax.servlet.http.HttpServletRequest)
2020-03-17 11:20:24.842 [main] INFO  o.s.w.s.m.m.a.RequestMappingHandlerMapping - Mapped "{[/systemdatalogs/pagerlist],methods=[GET]}" onto public com.response.ResponseResult com.system.controller.SystemDataLogsController.pagerList(javax.servlet.http.HttpServletRequest)
2020-03-17 11:20:24.842 [main] INFO  o.s.w.s.m.m.a.RequestMappingHandlerMapping - Mapped "{[/systemdatalogs/formpost],methods=[POST]}" onto public com.response.ResponseResult com.system.controller.SystemDataLogsController.formPost(java.lang.String,com.system.domain.model.input.SystemDataLogsInput)
2020-03-17 11:20:24.842 [main] INFO  o.s.w.s.m.m.a.RequestMappingHandlerMapping - Mapped "{[/systemdatalogs/textlist],methods=[GET]}" onto public com.response.ResponseResult com.system.controller.SystemDataLogsController.textList(javax.servlet.http.HttpServletRequest)
2020-03-17 11:20:24.842 [main] INFO  o.s.w.s.m.m.a.RequestMappingHandlerMapping - Mapped "{[/systemusers/get],methods=[GET]}" onto public com.response.ResponseResult com.system.controller.SystemUsersController.get(java.lang.String)
2020-03-17 11:20:24.842 [main] INFO  o.s.w.s.m.m.a.RequestMappingHandlerMapping - Mapped "{[/systemusers/delete],methods=[POST]}" onto public com.response.ResponseResult com.system.controller.SystemUsersController.delete(java.lang.String)
2020-03-17 11:20:24.842 [main] INFO  o.s.w.s.m.m.a.RequestMappingHandlerMapping - Mapped "{[/systemusers/pagerlist],methods=[GET]}" onto public com.response.ResponseResult com.system.controller.SystemUsersController.pagerList(javax.servlet.http.HttpServletRequest)
2020-03-17 11:20:24.842 [main] INFO  o.s.w.s.m.m.a.RequestMappingHandlerMapping - Mapped "{[/systemusers/formpost],methods=[POST]}" onto public com.response.ResponseResult com.system.controller.SystemUsersController.formPost(java.lang.String,com.system.domain.model.input.SystemUsersInput)
2020-03-17 11:20:24.842 [main] INFO  o.s.w.s.m.m.a.RequestMappingHandlerMapping - Mapped "{[/systemusers/audituser],methods=[GET]}" onto public com.response.ResponseResult com.system.controller.SystemUsersController.audituser(java.lang.String,java.lang.Integer)
2020-03-17 11:20:24.842 [main] INFO  o.s.w.s.m.m.a.RequestMappingHandlerMapping - Mapped "{[/systemuserdetail/get],methods=[GET]}" onto public com.response.ResponseResult com.system.controller.SystemUsersDetailController.get(java.lang.String)
2020-03-17 11:20:24.842 [main] INFO  o.s.w.s.m.m.a.RequestMappingHandlerMapping - Mapped "{[/systemuserdetail/delete],methods=[POST]}" onto public com.response.ResponseResult com.system.controller.SystemUsersDetailController.delete(java.lang.String)
2020-03-17 11:20:24.842 [main] INFO  o.s.w.s.m.m.a.RequestMappingHandlerMapping - Mapped "{[/systemuserdetail/pagerlist],methods=[GET]}" onto public com.response.ResponseResult com.system.controller.SystemUsersDetailController.pagerList(javax.servlet.http.HttpServletRequest)
2020-03-17 11:20:24.842 [main] INFO  o.s.w.s.m.m.a.RequestMappingHandlerMapping - Mapped "{[/systemuserdetail/formpost],methods=[POST]}" onto public com.response.ResponseResult com.system.controller.SystemUsersDetailController.formPost(java.lang.String,com.system.domain.model.input.SystemUsersDetailInput)
2020-03-17 11:20:24.842 [main] INFO  o.s.w.s.m.m.a.RequestMappingHandlerMapping - Mapped "{[/userrole/list],methods=[GET]}" onto public com.response.ResponseResult com.system.controller.UserRoleController.list(java.lang.String)
2020-03-17 11:20:24.842 [main] INFO  o.s.w.s.m.m.a.RequestMappingHandlerMapping - Mapped "{[/userrole/userrolepost],methods=[POST]}" onto public com.response.ResponseResult com.system.controller.UserRoleController.userrolepost(com.system.domain.model.input.UserroleDataInput)
2020-03-17 11:20:24.842 [main] INFO  o.s.w.s.m.m.a.RequestMappingHandlerMapping - Mapped "{[/userrole/delete],methods=[POST]}" onto public com.response.ResponseResult com.core.controller.GenericController.delete(java.lang.String) throws java.lang.Exception
2020-03-17 11:20:24.842 [main] INFO  o.s.w.s.m.m.a.RequestMappingHandlerMapping - Mapped "{[/wechatlogin],methods=[POST]}" onto public com.response.ResponseResult com.system.controller.WechatLoginController.getmodel(java.lang.String,java.lang.String,javax.servlet.http.HttpServletRequest)
2020-03-17 11:20:24.842 [main] INFO  o.s.w.s.m.m.a.RequestMappingHandlerMapping - Mapped "{[/error]}" onto public org.springframework.http.ResponseEntity<java.util.Map<java.lang.String, java.lang.Object>> org.springframework.boot.autoconfigure.web.BasicErrorController.error(javax.servlet.http.HttpServletRequest)
2020-03-17 11:20:24.842 [main] INFO  o.s.w.s.m.m.a.RequestMappingHandlerMapping - Mapped "{[/error],produces=[text/html]}" onto public org.springframework.web.servlet.ModelAndView org.springframework.boot.autoconfigure.web.BasicErrorController.errorHtml(javax.servlet.http.HttpServletRequest,javax.servlet.http.HttpServletResponse)
2020-03-17 11:20:24.863 [main] INFO  o.s.web.servlet.handler.SimpleUrlHandlerMapping - Mapped URL path [/webjars/**] onto handler of type [class org.springframework.web.servlet.resource.ResourceHttpRequestHandler]
2020-03-17 11:20:24.863 [main] INFO  o.s.web.servlet.handler.SimpleUrlHandlerMapping - Mapped URL path [/**] onto handler of type [class org.springframework.web.servlet.resource.ResourceHttpRequestHandler]
2020-03-17 11:20:24.879 [main] INFO  o.s.w.s.m.m.a.ExceptionHandlerExceptionResolver - Detected @ExceptionHandler methods in restControllerExceptionTranslator
2020-03-17 11:20:24.879 [main] INFO  o.s.w.s.m.m.a.ExceptionHandlerExceptionResolver - Detected ResponseBodyAdvice implementation in fastJsonpResponseBodyAdvice
2020-03-17 11:20:24.895 [main] INFO  o.s.web.servlet.handler.SimpleUrlHandlerMapping - Mapped URL path [/**/favicon.ico] onto handler of type [class org.springframework.web.servlet.resource.ResourceHttpRequestHandler]
2020-03-17 11:20:24.910 [main] WARN  o.s.b.a.t.AbstractTemplateResolverConfiguration - Cannot find template location: classpath:/templates/ (please add some templates or check your Thymeleaf configuration)
2020-03-17 11:20:25.276 [main] INFO  o.s.jmx.export.annotation.AnnotationMBeanExporter - Registering beans for JMX exposure on startup
2020-03-17 11:20:25.287 [main] INFO  o.s.s.a.ScheduledAnnotationBeanPostProcessor - No TaskScheduler/ScheduledExecutorService bean found for scheduled processing
2020-03-17 11:20:25.292 [main] INFO  org.apache.coyote.http11.Http11NioProtocol - Initializing ProtocolHandler ["http-nio-8080"]
2020-03-17 11:20:25.299 [main] INFO  org.apache.coyote.http11.Http11NioProtocol - Starting ProtocolHandler ["http-nio-8080"]
2020-03-17 11:20:25.299 [main] INFO  org.apache.tomcat.util.net.NioSelectorPool - Using a shared selector for servlet write/read
2020-03-17 11:20:25.317 [main] INFO  o.s.b.c.e.tomcat.TomcatEmbeddedServletContainer - Tomcat started on port(s): 8080 (http)
2020-03-17 11:20:25.317 [main] INFO  com.application.HtpmApplication - Started HtpmApplication in 5.662 seconds (JVM running for 6.571)
2020-03-17 11:20:29.280 [pool-1-thread-1] INFO  c.p.controller.timing.ProductionTemporaryTiming - DOWN TIME CALCULATION SYNC ALL FINISHED 
2020-03-17 11:20:43.240 [http-nio-8080-exec-1] INFO  o.a.c.core.ContainerBase.[Tomcat].[localhost].[/] - Initializing Spring FrameworkServlet 'dispatcherServlet'
2020-03-17 11:20:43.240 [http-nio-8080-exec-1] INFO  org.springframework.web.servlet.DispatcherServlet - FrameworkServlet 'dispatcherServlet': initialization started
2020-03-17 11:20:43.252 [http-nio-8080-exec-1] INFO  org.springframework.web.servlet.DispatcherServlet - FrameworkServlet 'dispatcherServlet': initialization completed in 12 ms
